<?xml version="1.0" encoding="UTF-8"?>
<testsuite xmlns:xsi="http://www.w3.org/2001/XMLSchema-instance" xsi:noNamespaceSchemaLocation="https://maven.apache.org/surefire/maven-surefire-plugin/xsd/surefire-test-report.xsd" name="net.sms.test.SchooManagementSystemlTests" time="2.883" tests="1" errors="1" skipped="0" failures="0">
  <properties>
    <property name="sun.desktop" value="windows"/>
    <property name="awt.toolkit" value="sun.awt.windows.WToolkit"/>
    <property name="file.encoding.pkg" value="sun.io"/>
    <property name="java.specification.version" value="1.8"/>
    <property name="sun.cpu.isalist" value="amd64"/>
    <property name="sun.jnu.encoding" value="Cp1252"/>
    <property name="java.class.path" value="C:\work\School-Managment-System\School-Management-System\target\test-classes;C:\work\School-Managment-System\School-Management-System\target\classes;C:\Users\u1322\.m2\repository\junit\junit\4.12\junit-4.12.jar;C:\Users\u1322\.m2\repository\org\hamcrest\hamcrest-core\1.3\hamcrest-core-1.3.jar;C:\Users\u1322\.m2\repository\org\primefaces\primefaces\6.2\primefaces-6.2.jar;C:\Users\u1322\.m2\repository\org\primefaces\themes\all-themes\1.0.10\all-themes-1.0.10.jar;C:\Users\u1322\.m2\repository\com\sun\faces\jsf-api\2.2.18\jsf-api-2.2.18.jar;C:\Users\u1322\.m2\repository\com\sun\faces\jsf-impl\2.2.18\jsf-impl-2.2.18.jar;C:\Users\u1322\.m2\repository\javax\servlet\javax.servlet-api\3.1.0\javax.servlet-api-3.1.0.jar;C:\Users\u1322\.m2\repository\org\springframework\spring-beans\5.0.8.RELEASE\spring-beans-5.0.8.RELEASE.jar;C:\Users\u1322\.m2\repository\org\springframework\spring-core\5.0.8.RELEASE\spring-core-5.0.8.RELEASE.jar;C:\Users\u1322\.m2\repository\org\springframework\spring-jcl\5.0.8.RELEASE\spring-jcl-5.0.8.RELEASE.jar;C:\Users\u1322\.m2\repository\org\springframework\spring-web\5.0.8.RELEASE\spring-web-5.0.8.RELEASE.jar;C:\Users\u1322\.m2\repository\org\springframework\spring-orm\5.0.8.RELEASE\spring-orm-5.0.8.RELEASE.jar;C:\Users\u1322\.m2\repository\org\springframework\spring-jdbc\5.0.8.RELEASE\spring-jdbc-5.0.8.RELEASE.jar;C:\Users\u1322\.m2\repository\org\springframework\spring-tx\5.0.8.RELEASE\spring-tx-5.0.8.RELEASE.jar;C:\Users\u1322\.m2\repository\org\springframework\spring-test\5.0.8.RELEASE\spring-test-5.0.8.RELEASE.jar;C:\Users\u1322\.m2\repository\org\springframework\spring-context\5.0.8.RELEASE\spring-context-5.0.8.RELEASE.jar;C:\Users\u1322\.m2\repository\org\springframework\spring-aop\5.0.8.RELEASE\spring-aop-5.0.8.RELEASE.jar;C:\Users\u1322\.m2\repository\org\springframework\spring-expression\5.0.8.RELEASE\spring-expression-5.0.8.RELEASE.jar;C:\Users\u1322\.m2\repository\org\springframework\spring-webmvc\5.0.8.RELEASE\spring-webmvc-5.0.8.RELEASE.jar;C:\Users\u1322\.m2\repository\com\fasterxml\jackson\core\jackson-databind\2.9.7\jackson-databind-2.9.7.jar;C:\Users\u1322\.m2\repository\com\fasterxml\jackson\core\jackson-annotations\2.9.0\jackson-annotations-2.9.0.jar;C:\Users\u1322\.m2\repository\com\fasterxml\jackson\core\jackson-core\2.9.7\jackson-core-2.9.7.jar;C:\Users\u1322\.m2\repository\org\hibernate\hibernate-core\5.0.7.Final\hibernate-core-5.0.7.Final.jar;C:\Users\u1322\.m2\repository\org\jboss\logging\jboss-logging\3.3.0.Final\jboss-logging-3.3.0.Final.jar;C:\Users\u1322\.m2\repository\org\hibernate\javax\persistence\hibernate-jpa-2.1-api\1.0.0.Final\hibernate-jpa-2.1-api-1.0.0.Final.jar;C:\Users\u1322\.m2\repository\org\javassist\javassist\3.18.1-GA\javassist-3.18.1-GA.jar;C:\Users\u1322\.m2\repository\antlr\antlr\2.7.7\antlr-2.7.7.jar;C:\Users\u1322\.m2\repository\org\apache\geronimo\specs\geronimo-jta_1.1_spec\1.1.1\geronimo-jta_1.1_spec-1.1.1.jar;C:\Users\u1322\.m2\repository\org\jboss\jandex\2.0.0.Final\jandex-2.0.0.Final.jar;C:\Users\u1322\.m2\repository\dom4j\dom4j\1.6.1\dom4j-1.6.1.jar;C:\Users\u1322\.m2\repository\xml-apis\xml-apis\1.0.b2\xml-apis-1.0.b2.jar;C:\Users\u1322\.m2\repository\org\hibernate\common\hibernate-commons-annotations\5.0.1.Final\hibernate-commons-annotations-5.0.1.Final.jar;C:\Users\u1322\.m2\repository\org\postgresql\postgresql\42.1.2\postgresql-42.1.2.jar;C:\Users\u1322\.m2\repository\commons-dbcp\commons-dbcp\1.4\commons-dbcp-1.4.jar;C:\Users\u1322\.m2\repository\commons-pool\commons-pool\1.5.4\commons-pool-1.5.4.jar;C:\Users\u1322\.m2\repository\commons-io\commons-io\2.4\commons-io-2.4.jar;C:\Users\u1322\.m2\repository\commons-fileupload\commons-fileupload\1.3.1\commons-fileupload-1.3.1.jar;C:\Users\u1322\.m2\repository\net\bootsfaces\bootsfaces\1.3.0\bootsfaces-1.3.0.jar;C:\Users\u1322\.m2\repository\org\apache\commons\commons-lang3\3.0\commons-lang3-3.0.jar;C:\Users\u1322\.m2\repository\com\zaxxer\HikariCP\3.2.0\HikariCP-3.2.0.jar;C:\Users\u1322\.m2\repository\org\slf4j\slf4j-api\1.7.25\slf4j-api-1.7.25.jar;C:\Users\u1322\.m2\repository\org\reactivestreams\reactive-streams\1.0.2\reactive-streams-1.0.2.jar;"/>
    <property name="java.vm.vendor" value="Oracle Corporation"/>
    <property name="sun.arch.data.model" value="64"/>
    <property name="user.variant" value=""/>
    <property name="java.vendor.url" value="http://java.oracle.com/"/>
    <property name="user.timezone" value=""/>
    <property name="java.vm.specification.version" value="1.8"/>
    <property name="os.name" value="Windows 10"/>
    <property name="user.country" value="US"/>
    <property name="sun.java.launcher" value="SUN_STANDARD"/>
    <property name="sun.boot.library.path" value="C:\Program Files\Java\jdk1.8.0_151\jre\bin"/>
    <property name="sun.java.command" value="C:\Users\u1322\AppData\Local\Temp\surefire6040391204743906270\surefirebooter3760831085530698287.jar C:\Users\u1322\AppData\Local\Temp\surefire6040391204743906270 2018-12-14T19-24-53_201-jvmRun1 surefire5946685971594134384tmp surefire_04488537925535982992tmp"/>
    <property name="surefire.test.class.path" value="C:\work\School-Managment-System\School-Management-System\target\test-classes;C:\work\School-Managment-System\School-Management-System\target\classes;C:\Users\u1322\.m2\repository\junit\junit\4.12\junit-4.12.jar;C:\Users\u1322\.m2\repository\org\hamcrest\hamcrest-core\1.3\hamcrest-core-1.3.jar;C:\Users\u1322\.m2\repository\org\primefaces\primefaces\6.2\primefaces-6.2.jar;C:\Users\u1322\.m2\repository\org\primefaces\themes\all-themes\1.0.10\all-themes-1.0.10.jar;C:\Users\u1322\.m2\repository\com\sun\faces\jsf-api\2.2.18\jsf-api-2.2.18.jar;C:\Users\u1322\.m2\repository\com\sun\faces\jsf-impl\2.2.18\jsf-impl-2.2.18.jar;C:\Users\u1322\.m2\repository\javax\servlet\javax.servlet-api\3.1.0\javax.servlet-api-3.1.0.jar;C:\Users\u1322\.m2\repository\org\springframework\spring-beans\5.0.8.RELEASE\spring-beans-5.0.8.RELEASE.jar;C:\Users\u1322\.m2\repository\org\springframework\spring-core\5.0.8.RELEASE\spring-core-5.0.8.RELEASE.jar;C:\Users\u1322\.m2\repository\org\springframework\spring-jcl\5.0.8.RELEASE\spring-jcl-5.0.8.RELEASE.jar;C:\Users\u1322\.m2\repository\org\springframework\spring-web\5.0.8.RELEASE\spring-web-5.0.8.RELEASE.jar;C:\Users\u1322\.m2\repository\org\springframework\spring-orm\5.0.8.RELEASE\spring-orm-5.0.8.RELEASE.jar;C:\Users\u1322\.m2\repository\org\springframework\spring-jdbc\5.0.8.RELEASE\spring-jdbc-5.0.8.RELEASE.jar;C:\Users\u1322\.m2\repository\org\springframework\spring-tx\5.0.8.RELEASE\spring-tx-5.0.8.RELEASE.jar;C:\Users\u1322\.m2\repository\org\springframework\spring-test\5.0.8.RELEASE\spring-test-5.0.8.RELEASE.jar;C:\Users\u1322\.m2\repository\org\springframework\spring-context\5.0.8.RELEASE\spring-context-5.0.8.RELEASE.jar;C:\Users\u1322\.m2\repository\org\springframework\spring-aop\5.0.8.RELEASE\spring-aop-5.0.8.RELEASE.jar;C:\Users\u1322\.m2\repository\org\springframework\spring-expression\5.0.8.RELEASE\spring-expression-5.0.8.RELEASE.jar;C:\Users\u1322\.m2\repository\org\springframework\spring-webmvc\5.0.8.RELEASE\spring-webmvc-5.0.8.RELEASE.jar;C:\Users\u1322\.m2\repository\com\fasterxml\jackson\core\jackson-databind\2.9.7\jackson-databind-2.9.7.jar;C:\Users\u1322\.m2\repository\com\fasterxml\jackson\core\jackson-annotations\2.9.0\jackson-annotations-2.9.0.jar;C:\Users\u1322\.m2\repository\com\fasterxml\jackson\core\jackson-core\2.9.7\jackson-core-2.9.7.jar;C:\Users\u1322\.m2\repository\org\hibernate\hibernate-core\5.0.7.Final\hibernate-core-5.0.7.Final.jar;C:\Users\u1322\.m2\repository\org\jboss\logging\jboss-logging\3.3.0.Final\jboss-logging-3.3.0.Final.jar;C:\Users\u1322\.m2\repository\org\hibernate\javax\persistence\hibernate-jpa-2.1-api\1.0.0.Final\hibernate-jpa-2.1-api-1.0.0.Final.jar;C:\Users\u1322\.m2\repository\org\javassist\javassist\3.18.1-GA\javassist-3.18.1-GA.jar;C:\Users\u1322\.m2\repository\antlr\antlr\2.7.7\antlr-2.7.7.jar;C:\Users\u1322\.m2\repository\org\apache\geronimo\specs\geronimo-jta_1.1_spec\1.1.1\geronimo-jta_1.1_spec-1.1.1.jar;C:\Users\u1322\.m2\repository\org\jboss\jandex\2.0.0.Final\jandex-2.0.0.Final.jar;C:\Users\u1322\.m2\repository\dom4j\dom4j\1.6.1\dom4j-1.6.1.jar;C:\Users\u1322\.m2\repository\xml-apis\xml-apis\1.0.b2\xml-apis-1.0.b2.jar;C:\Users\u1322\.m2\repository\org\hibernate\common\hibernate-commons-annotations\5.0.1.Final\hibernate-commons-annotations-5.0.1.Final.jar;C:\Users\u1322\.m2\repository\org\postgresql\postgresql\42.1.2\postgresql-42.1.2.jar;C:\Users\u1322\.m2\repository\commons-dbcp\commons-dbcp\1.4\commons-dbcp-1.4.jar;C:\Users\u1322\.m2\repository\commons-pool\commons-pool\1.5.4\commons-pool-1.5.4.jar;C:\Users\u1322\.m2\repository\commons-io\commons-io\2.4\commons-io-2.4.jar;C:\Users\u1322\.m2\repository\commons-fileupload\commons-fileupload\1.3.1\commons-fileupload-1.3.1.jar;C:\Users\u1322\.m2\repository\net\bootsfaces\bootsfaces\1.3.0\bootsfaces-1.3.0.jar;C:\Users\u1322\.m2\repository\org\apache\commons\commons-lang3\3.0\commons-lang3-3.0.jar;C:\Users\u1322\.m2\repository\com\zaxxer\HikariCP\3.2.0\HikariCP-3.2.0.jar;C:\Users\u1322\.m2\repository\org\slf4j\slf4j-api\1.7.25\slf4j-api-1.7.25.jar;C:\Users\u1322\.m2\repository\org\reactivestreams\reactive-streams\1.0.2\reactive-streams-1.0.2.jar;"/>
    <property name="sun.cpu.endian" value="little"/>
    <property name="user.home" value="C:\Users\u1322"/>
    <property name="user.language" value="en"/>
    <property name="java.specification.vendor" value="Oracle Corporation"/>
    <property name="java.home" value="C:\Program Files\Java\jdk1.8.0_151\jre"/>
    <property name="basedir" value="C:\work\School-Managment-System\School-Management-System"/>
    <property name="file.separator" value="\"/>
    <property name="line.separator" value="&#10;"/>
    <property name="java.vm.specification.vendor" value="Oracle Corporation"/>
    <property name="java.specification.name" value="Java Platform API Specification"/>
    <property name="java.awt.graphicsenv" value="sun.awt.Win32GraphicsEnvironment"/>
    <property name="surefire.real.class.path" value="C:\Users\u1322\AppData\Local\Temp\surefire6040391204743906270\surefirebooter3760831085530698287.jar"/>
    <property name="sun.boot.class.path" value="C:\Program Files\Java\jdk1.8.0_151\jre\lib\resources.jar;C:\Program Files\Java\jdk1.8.0_151\jre\lib\rt.jar;C:\Program Files\Java\jdk1.8.0_151\jre\lib\sunrsasign.jar;C:\Program Files\Java\jdk1.8.0_151\jre\lib\jsse.jar;C:\Program Files\Java\jdk1.8.0_151\jre\lib\jce.jar;C:\Program Files\Java\jdk1.8.0_151\jre\lib\charsets.jar;C:\Program Files\Java\jdk1.8.0_151\jre\lib\jfr.jar;C:\Program Files\Java\jdk1.8.0_151\jre\classes"/>
    <property name="user.script" value=""/>
    <property name="sun.management.compiler" value="HotSpot 64-Bit Tiered Compilers"/>
    <property name="java.runtime.version" value="1.8.0_151-b12"/>
    <property name="user.name" value="u1322"/>
    <property name="path.separator" value=";"/>
    <property name="os.version" value="10.0"/>
    <property name="java.endorsed.dirs" value="C:\Program Files\Java\jdk1.8.0_151\jre\lib\endorsed"/>
    <property name="java.runtime.name" value="Java(TM) SE Runtime Environment"/>
    <property name="file.encoding" value="Cp1252"/>
    <property name="java.vm.name" value="Java HotSpot(TM) 64-Bit Server VM"/>
    <property name="localRepository" value="C:\Users\u1322\.m2\repository"/>
    <property name="java.vendor.url.bug" value="http://bugreport.sun.com/bugreport/"/>
    <property name="java.io.tmpdir" value="C:\Users\u1322\AppData\Local\Temp\"/>
    <property name="java.version" value="1.8.0_151"/>
    <property name="user.dir" value="C:\work\School-Managment-System\School-Management-System"/>
    <property name="os.arch" value="amd64"/>
    <property name="java.vm.specification.name" value="Java Virtual Machine Specification"/>
    <property name="java.awt.printerjob" value="sun.awt.windows.WPrinterJob"/>
    <property name="sun.os.patch.level" value=""/>
    <property name="java.library.path" value="C:\Program Files\Java\jdk1.8.0_151\jre\bin;C:\WINDOWS\Sun\Java\bin;C:\WINDOWS\system32;C:\WINDOWS;C:\Users\u1322\bin;C:\Program Files\Git\mingw64\bin;C:\Program Files\Git\usr\local\bin;C:\Program Files\Git\usr\bin;C:\Program Files\Git\usr\bin;C:\Program Files\Git\mingw64\bin;C:\Program Files\Git\usr\bin;C:\Users\u1322\bin;C:\ProgramData\Oracle\Java\javapath;C:\WINDOWS\system32;C:\WINDOWS;C:\WINDOWS\System32\Wbem;C:\WINDOWS\System32\WindowsPowerShell\v1.0;C:\Program Files (x86)\Skype\Phone;C:\WINDOWS\system32\config\systemprofile\.dnx\bin;C:\Program Files\Microsoft DNX\Dnvm;C:\Program Files\Microsoft SQL Server\130\Tools\Binn;C:\Program Files\Microsoft SQL Server\Client SDK\ODBC\130\Tools\Binn;C:\Program Files (x86)\Microsoft SQL Server\140\Tools\Binn;C:\Program Files\Microsoft SQL Server\140\Tools\Binn;C:\Program Files\Microsoft SQL Server\140\DTS\Binn;C:\Program Files (x86)\Brackets\command;C:\Program Files\nodejs;C:\Program Files (x86)\Yarn\bin;C:\Program Files (x86)\apache-maven-3.5.4\bin;C:\Program Files\Java\jdk1.8.0_151\bin;C:\Program Files\wildfly-10.0.0.Final\bin;%AMG_HOME%\bin;C:\WINDOWS\System32\OpenSSH;C:\Users\u1322\AppData\Local\Microsoft\WindowsApps;C:\Users\u1322\AppData\Roaming\npm;C:\Users\u1322\AppData\Local\Yarn\bin;C:\Program Files\Git\usr\bin\vendor_perl;C:\Program Files\Git\usr\bin\core_perl;."/>
    <property name="java.vm.info" value="mixed mode"/>
    <property name="java.vendor" value="Oracle Corporation"/>
    <property name="java.vm.version" value="25.151-b12"/>
    <property name="java.ext.dirs" value="C:\Program Files\Java\jdk1.8.0_151\jre\lib\ext;C:\WINDOWS\Sun\Java\lib\ext"/>
    <property name="sun.io.unicode.encoding" value="UnicodeLittle"/>
    <property name="java.class.version" value="52.0"/>
  </properties>
  <testcase name="testPersistSchool" classname="net.sms.test.SchooManagementSystemlTests" time="0.143">
    <error message="could not execute statement; SQL [n/a]; constraint [years_of_experience]; nested exception is org.hibernate.exception.ConstraintViolationException: could not execute statement" type="org.springframework.dao.DataIntegrityViolationException">org.springframework.dao.DataIntegrityViolationException: could not execute statement; SQL [n/a]; constraint [years_of_experience]; nested exception is org.hibernate.exception.ConstraintViolationException: could not execute statement
	at net.sms.test.SchooManagementSystemlTests.testPersistSchool(SchooManagementSystemlTests.java:138)
Caused by: org.hibernate.exception.ConstraintViolationException: could not execute statement
	at net.sms.test.SchooManagementSystemlTests.testPersistSchool(SchooManagementSystemlTests.java:138)
Caused by: org.postgresql.util.PSQLException: 
ERROR: null value in column "years_of_experience" violates not-null constraint
  Detail: Failing row contains (Student, 3, Gershom, 2018-12-14 19:24:56.691, Gershom, 2018-12-14 19:24:56.691, Pretoria, Sunnyside, 0823454838, 2018-12-14 19:24:56.691, u13229908@tuks.co.za, Male, Xitsonga, Gershom, South African, Maluleke, 56, null, null, null, null).
	at net.sms.test.SchooManagementSystemlTests.testPersistSchool(SchooManagementSystemlTests.java:138)
</error>
    <system-out><![CDATA[Hibernate: alter table classroom_person drop constraint FKka7wlga8sdma077hnppnfksl7
Hibernate: alter table classroom_person drop constraint FKf1hes0t9drwhaik17db6eykct
Hibernate: alter table classroom_person drop constraint FK97ngpd2qj49cbsnosn7hpximv
Hibernate: alter table classroom_subject drop constraint FKnnajbyap1ii2pohwc88hklyhf
Hibernate: alter table classroom_subject drop constraint FKa4ee2d5gu2rmpn7k00lf23ro7
Hibernate: alter table person_subject drop constraint FKcqmc2a7yell6ujd6y3vqwj979
Hibernate: alter table person_subject drop constraint FKb4449nsmryv1o8kx882994tgj
Hibernate: alter table person_subject drop constraint FK443a1cvwx5kv1ifbn92x8fp33
Hibernate: alter table school_classroom drop constraint FK8dn7gqgre5dtcp7qlccbo1a7r
Hibernate: alter table school_classroom drop constraint FKlcn195kg35s1dkmy0513eqkad
Hibernate: alter table school_person drop constraint FK95dnefrss12a7h3o6psdxmucw
Hibernate: alter table school_person drop constraint FKk2ikxsr1idv9bw5ayb1a55en8
Hibernate: alter table school_person drop constraint FKbpdsp8f3nbdspqsxtebysoe60
Hibernate: drop table if exists classroom cascade
Hibernate: drop table if exists classroom_person cascade
Hibernate: drop table if exists classroom_subject cascade
Hibernate: drop table if exists person cascade
Hibernate: drop table if exists person_subject cascade
Hibernate: drop table if exists school cascade
Hibernate: drop table if exists school_classroom cascade
Hibernate: drop table if exists school_person cascade
Hibernate: drop table if exists subject cascade
Hibernate: drop sequence hibernate_sequence
Hibernate: create sequence hibernate_sequence start 1 increment 1
Hibernate: create table classroom (id int8 not null, created_by varchar(255) not null, created_date timestamp, updated_by varchar(255), updated_date timestamp, class_room_number varchar(255) not null, number_of_students int4 not null, primary key (id))
Hibernate: create table classroom_person (Classroom_id int8 not null, teachers_id int8 not null, students_id int8 not null)
Hibernate: create table classroom_subject (Classroom_id int8 not null, subjects_id int8 not null)
Hibernate: create table person (DTYPE varchar(31) not null, id int8 not null, created_by varchar(255) not null, created_date timestamp, updated_by varchar(255), updated_date timestamp, address varchar(255) not null, contact_number varchar(255), date_of_birth timestamp not null, email varchar(255), gender varchar(255) not null, mother_tongue varchar(255) not null, name varchar(255) not null, nationality varchar(255) not null, surname varchar(255) not null, year_mark float8, qualificantion varchar(255), salary float8, teacher_id varchar(255), years_of_experience varchar(255) not null, primary key (id))
Hibernate: create table person_subject (Teacher_id int8 not null, subjects_id int8 not null, Student_id int8 not null)
Hibernate: create table school (id int8 not null, created_by varchar(255) not null, created_date timestamp, updated_by varchar(255), updated_date timestamp, address varchar(255) not null, contact_number varchar(255) not null, name varchar(255) not null, website varchar(255), primary key (id))
Hibernate: create table school_classroom (School_id int8 not null, classrooms_id int8 not null)
Hibernate: create table school_person (School_id int8 not null, teachers_id int8 not null, students_id int8 not null)
Hibernate: create table subject (id int8 not null, created_by varchar(255) not null, created_date timestamp, updated_by varchar(255), updated_date timestamp, abbreviation varchar(255) not null, description varchar(255) not null, hours_per_week int4 not null, name_of_subject varchar(255) not null, primary key (id))
Hibernate: alter table classroom_person add constraint UK_opuu2dcgor34toupq8x5fsir5 unique (students_id)
Hibernate: alter table school_classroom add constraint UK_1pra420h2tmdy4mctbjl1et1b unique (classrooms_id)
Hibernate: alter table school_person add constraint UK_hsmon6hxrs386u7thqnfn8on2 unique (teachers_id)
Hibernate: alter table school_person add constraint UK_2627ok4nkrd1fvlr7dk7jf3c5 unique (students_id)
Hibernate: alter table classroom_person add constraint FKka7wlga8sdma077hnppnfksl7 foreign key (teachers_id) references person
Hibernate: alter table classroom_person add constraint FKf1hes0t9drwhaik17db6eykct foreign key (Classroom_id) references classroom
Hibernate: alter table classroom_person add constraint FK97ngpd2qj49cbsnosn7hpximv foreign key (students_id) references person
Hibernate: alter table classroom_subject add constraint FKnnajbyap1ii2pohwc88hklyhf foreign key (subjects_id) references subject
Hibernate: alter table classroom_subject add constraint FKa4ee2d5gu2rmpn7k00lf23ro7 foreign key (Classroom_id) references classroom
Hibernate: alter table person_subject add constraint FKcqmc2a7yell6ujd6y3vqwj979 foreign key (subjects_id) references subject
Hibernate: alter table person_subject add constraint FKb4449nsmryv1o8kx882994tgj foreign key (Teacher_id) references person
Hibernate: alter table person_subject add constraint FK443a1cvwx5kv1ifbn92x8fp33 foreign key (Student_id) references person
Hibernate: alter table school_classroom add constraint FK8dn7gqgre5dtcp7qlccbo1a7r foreign key (classrooms_id) references classroom
Hibernate: alter table school_classroom add constraint FKlcn195kg35s1dkmy0513eqkad foreign key (School_id) references school
Hibernate: alter table school_person add constraint FK95dnefrss12a7h3o6psdxmucw foreign key (teachers_id) references person
Hibernate: alter table school_person add constraint FKk2ikxsr1idv9bw5ayb1a55en8 foreign key (School_id) references school
Hibernate: alter table school_person add constraint FKbpdsp8f3nbdspqsxtebysoe60 foreign key (students_id) references person
Hibernate: select nextval ('hibernate_sequence')
Hibernate: select nextval ('hibernate_sequence')
Hibernate: select nextval ('hibernate_sequence')
Hibernate: select nextval ('hibernate_sequence')
Hibernate: select nextval ('hibernate_sequence')
Hibernate: insert into school (created_by, created_date, updated_by, updated_date, address, contact_number, name, website, id) values (?, ?, ?, ?, ?, ?, ?, ?, ?)
Hibernate: insert into classroom (created_by, created_date, updated_by, updated_date, class_room_number, number_of_students, id) values (?, ?, ?, ?, ?, ?, ?)
Hibernate: insert into person (created_by, created_date, updated_by, updated_date, address, contact_number, date_of_birth, email, gender, mother_tongue, name, nationality, surname, year_mark, DTYPE, id) values (?, ?, ?, ?, ?, ?, ?, ?, ?, ?, ?, ?, ?, ?, 'Student', ?)
]]></system-out>
    <system-err><![CDATA[SLF4J: Failed to load class "org.slf4j.impl.StaticLoggerBinder".
SLF4J: Defaulting to no-operation (NOP) logger implementation
SLF4J: See http://www.slf4j.org/codes.html#StaticLoggerBinder for further details.
Dec 14, 2018 7:24:54 PM java.util.prefs.WindowsPreferences <init>
WARNING: Could not open/create prefs root node Software\JavaSoft\Prefs at root 0x80000002. Windows RegCreateKeyEx(...) returned error code 5.
Dec 14, 2018 7:24:54 PM java.util.prefs.WindowsPreferences WindowsRegOpenKey1
WARNING: Trying to recreate Windows registry node Software\JavaSoft\Prefs at root 0x80000002.
Dec 14, 2018 7:24:54 PM java.util.prefs.WindowsPreferences openKey
WARNING: Could not open windows registry node Software\JavaSoft\Prefs at root 0x80000002. Windows RegOpenKey(...) returned error code 2.
Dec 14, 2018 7:24:54 PM java.util.prefs.WindowsPreferences WindowsRegOpenKey1
WARNING: Trying to recreate Windows registry node Software\JavaSoft\Prefs at root 0x80000002.
Dec 14, 2018 7:24:54 PM java.util.prefs.WindowsPreferences openKey
WARNING: Could not open windows registry node Software\JavaSoft\Prefs at root 0x80000002. Windows RegOpenKey(...) returned error code 2.
Dec 14, 2018 7:24:54 PM java.util.prefs.WindowsPreferences WindowsRegOpenKey1
WARNING: Trying to recreate Windows registry node Software\JavaSoft\Prefs at root 0x80000002.
Dec 14, 2018 7:24:54 PM java.util.prefs.WindowsPreferences openKey
WARNING: Could not open windows registry node Software\JavaSoft\Prefs at root 0x80000002. Windows RegOpenKey(...) returned error code 2.
Dec 14, 2018 7:24:54 PM java.util.prefs.WindowsPreferences WindowsRegOpenKey1
WARNING: Trying to recreate Windows registry node Software\JavaSoft\Prefs at root 0x80000002.
Dec 14, 2018 7:24:54 PM java.util.prefs.WindowsPreferences openKey
WARNING: Could not open windows registry node Software\JavaSoft\Prefs at root 0x80000002. Windows RegOpenKey(...) returned error code 2.
Dec 14, 2018 7:24:54 PM org.hibernate.Version logVersion
INFO: HHH000412: Hibernate Core {5.0.7.Final}
Dec 14, 2018 7:24:54 PM org.hibernate.cfg.Environment <clinit>
INFO: HHH000206: hibernate.properties not found
Dec 14, 2018 7:24:54 PM org.hibernate.cfg.Environment buildBytecodeProvider
INFO: HHH000021: Bytecode provider name : javassist
Dec 14, 2018 7:24:54 PM org.hibernate.annotations.common.reflection.java.JavaReflectionManager <clinit>
INFO: HCANN000001: Hibernate Commons Annotations {5.0.1.Final}
Dec 14, 2018 7:24:55 PM org.hibernate.dialect.Dialect <init>
INFO: HHH000400: Using dialect: org.hibernate.dialect.PostgreSQLDialect
Dec 14, 2018 7:24:55 PM org.hibernate.engine.jdbc.env.internal.LobCreatorBuilderImpl useContextualLobCreation
INFO: HHH000424: Disabling contextual LOB creation as createClob() method threw error : java.lang.reflect.InvocationTargetException
Dec 14, 2018 7:24:55 PM org.hibernate.type.BasicTypeRegistry register
INFO: HHH000270: Type registration [java.util.UUID] overrides previous : org.hibernate.type.UUIDBinaryType@66b7550d
Dec 14, 2018 7:24:55 PM org.hibernate.cfg.AnnotationBinder bindClass
WARN: HHH000139: Illegal use of @Table in a subclass of a SINGLE_TABLE hierarchy: net.sms.model.Student
Dec 14, 2018 7:24:55 PM org.hibernate.cfg.AnnotationBinder bindClass
WARN: HHH000139: Illegal use of @Table in a subclass of a SINGLE_TABLE hierarchy: net.sms.model.Teacher
Dec 14, 2018 7:24:56 PM org.hibernate.tool.hbm2ddl.SchemaExport execute
INFO: HHH000227: Running hbm2ddl schema export
Dec 14, 2018 7:24:56 PM org.hibernate.tool.hbm2ddl.SchemaExport execute
INFO: HHH000230: Schema export complete
Dec 14, 2018 7:24:56 PM org.hibernate.engine.jdbc.spi.SqlExceptionHelper logExceptions
WARN: SQL Error: 0, SQLState: 23502
Dec 14, 2018 7:24:56 PM org.hibernate.engine.jdbc.spi.SqlExceptionHelper logExceptions
ERROR: ERROR: null value in column "years_of_experience" violates not-null constraint
  Detail: Failing row contains (Student, 3, Gershom, 2018-12-14 19:24:56.691, Gershom, 2018-12-14 19:24:56.691, Pretoria, Sunnyside, 0823454838, 2018-12-14 19:24:56.691, u13229908@tuks.co.za, Male, Xitsonga, Gershom, South African, Maluleke, 56, null, null, null, null).
Dec 14, 2018 7:24:56 PM org.hibernate.engine.jdbc.batch.internal.AbstractBatchImpl release
INFO: HHH000010: On release of batch it still contained JDBC statements
Dec 14, 2018 7:24:56 PM org.hibernate.internal.SessionImpl$5 mapManagedFlushFailure
ERROR: HHH000346: Error during managed flush [could not execute statement]
]]></system-err>
  </testcase>
</testsuite>