<?xml version="1.0" encoding="UTF-8"?>
<testsuite xmlns:xsi="http://www.w3.org/2001/XMLSchema-instance" xsi:noNamespaceSchemaLocation="https://maven.apache.org/surefire/maven-surefire-plugin/xsd/surefire-test-report.xsd" name="net.sms.test.SchooManagementSystemlTests" time="4.8" tests="1" errors="1" skipped="0" failures="0">
  <properties>
    <property name="sun.desktop" value="windows"/>
    <property name="awt.toolkit" value="sun.awt.windows.WToolkit"/>
    <property name="file.encoding.pkg" value="sun.io"/>
    <property name="java.specification.version" value="1.8"/>
    <property name="sun.cpu.isalist" value="amd64"/>
    <property name="sun.jnu.encoding" value="Cp1252"/>
    <property name="java.class.path" value="F:\school-management-system\target\test-classes;F:\school-management-system\target\classes;C:\Users\gershom.maluleke\.m2\repository\junit\junit\4.12\junit-4.12.jar;C:\Users\gershom.maluleke\.m2\repository\org\hamcrest\hamcrest-core\1.3\hamcrest-core-1.3.jar;C:\Users\gershom.maluleke\.m2\repository\org\primefaces\primefaces\6.2\primefaces-6.2.jar;C:\Users\gershom.maluleke\.m2\repository\org\primefaces\themes\all-themes\1.0.10\all-themes-1.0.10.jar;C:\Users\gershom.maluleke\.m2\repository\com\sun\faces\jsf-api\2.2.18\jsf-api-2.2.18.jar;C:\Users\gershom.maluleke\.m2\repository\com\sun\faces\jsf-impl\2.2.18\jsf-impl-2.2.18.jar;C:\Users\gershom.maluleke\.m2\repository\javax\servlet\javax.servlet-api\3.1.0\javax.servlet-api-3.1.0.jar;C:\Users\gershom.maluleke\.m2\repository\org\springframework\spring-beans\5.0.8.RELEASE\spring-beans-5.0.8.RELEASE.jar;C:\Users\gershom.maluleke\.m2\repository\org\springframework\spring-core\5.0.8.RELEASE\spring-core-5.0.8.RELEASE.jar;C:\Users\gershom.maluleke\.m2\repository\org\springframework\spring-jcl\5.0.8.RELEASE\spring-jcl-5.0.8.RELEASE.jar;C:\Users\gershom.maluleke\.m2\repository\org\springframework\spring-web\5.0.8.RELEASE\spring-web-5.0.8.RELEASE.jar;C:\Users\gershom.maluleke\.m2\repository\org\springframework\spring-orm\5.0.8.RELEASE\spring-orm-5.0.8.RELEASE.jar;C:\Users\gershom.maluleke\.m2\repository\org\springframework\spring-jdbc\5.0.8.RELEASE\spring-jdbc-5.0.8.RELEASE.jar;C:\Users\gershom.maluleke\.m2\repository\org\springframework\spring-tx\5.0.8.RELEASE\spring-tx-5.0.8.RELEASE.jar;C:\Users\gershom.maluleke\.m2\repository\org\springframework\spring-test\5.0.8.RELEASE\spring-test-5.0.8.RELEASE.jar;C:\Users\gershom.maluleke\.m2\repository\org\springframework\spring-context\5.0.8.RELEASE\spring-context-5.0.8.RELEASE.jar;C:\Users\gershom.maluleke\.m2\repository\org\springframework\spring-aop\5.0.8.RELEASE\spring-aop-5.0.8.RELEASE.jar;C:\Users\gershom.maluleke\.m2\repository\org\springframework\spring-expression\5.0.8.RELEASE\spring-expression-5.0.8.RELEASE.jar;C:\Users\gershom.maluleke\.m2\repository\org\springframework\spring-webmvc\5.0.8.RELEASE\spring-webmvc-5.0.8.RELEASE.jar;C:\Users\gershom.maluleke\.m2\repository\com\fasterxml\jackson\core\jackson-databind\2.9.7\jackson-databind-2.9.7.jar;C:\Users\gershom.maluleke\.m2\repository\com\fasterxml\jackson\core\jackson-annotations\2.9.0\jackson-annotations-2.9.0.jar;C:\Users\gershom.maluleke\.m2\repository\com\fasterxml\jackson\core\jackson-core\2.9.7\jackson-core-2.9.7.jar;C:\Users\gershom.maluleke\.m2\repository\org\hibernate\hibernate-core\5.0.7.Final\hibernate-core-5.0.7.Final.jar;C:\Users\gershom.maluleke\.m2\repository\org\jboss\logging\jboss-logging\3.3.0.Final\jboss-logging-3.3.0.Final.jar;C:\Users\gershom.maluleke\.m2\repository\org\hibernate\javax\persistence\hibernate-jpa-2.1-api\1.0.0.Final\hibernate-jpa-2.1-api-1.0.0.Final.jar;C:\Users\gershom.maluleke\.m2\repository\org\javassist\javassist\3.18.1-GA\javassist-3.18.1-GA.jar;C:\Users\gershom.maluleke\.m2\repository\antlr\antlr\2.7.7\antlr-2.7.7.jar;C:\Users\gershom.maluleke\.m2\repository\org\apache\geronimo\specs\geronimo-jta_1.1_spec\1.1.1\geronimo-jta_1.1_spec-1.1.1.jar;C:\Users\gershom.maluleke\.m2\repository\org\jboss\jandex\2.0.0.Final\jandex-2.0.0.Final.jar;C:\Users\gershom.maluleke\.m2\repository\dom4j\dom4j\1.6.1\dom4j-1.6.1.jar;C:\Users\gershom.maluleke\.m2\repository\xml-apis\xml-apis\1.0.b2\xml-apis-1.0.b2.jar;C:\Users\gershom.maluleke\.m2\repository\org\hibernate\common\hibernate-commons-annotations\5.0.1.Final\hibernate-commons-annotations-5.0.1.Final.jar;C:\Users\gershom.maluleke\.m2\repository\org\postgresql\postgresql\42.1.2\postgresql-42.1.2.jar;C:\Users\gershom.maluleke\.m2\repository\commons-dbcp\commons-dbcp\1.4\commons-dbcp-1.4.jar;C:\Users\gershom.maluleke\.m2\repository\commons-pool\commons-pool\1.5.4\commons-pool-1.5.4.jar;C:\Users\gershom.maluleke\.m2\repository\commons-io\commons-io\2.4\commons-io-2.4.jar;C:\Users\gershom.maluleke\.m2\repository\commons-fileupload\commons-fileupload\1.3.1\commons-fileupload-1.3.1.jar;C:\Users\gershom.maluleke\.m2\repository\net\bootsfaces\bootsfaces\1.3.0\bootsfaces-1.3.0.jar;C:\Users\gershom.maluleke\.m2\repository\org\apache\commons\commons-lang3\3.0\commons-lang3-3.0.jar;C:\Users\gershom.maluleke\.m2\repository\com\zaxxer\HikariCP\3.2.0\HikariCP-3.2.0.jar;C:\Users\gershom.maluleke\.m2\repository\org\slf4j\slf4j-api\1.7.25\slf4j-api-1.7.25.jar;C:\Users\gershom.maluleke\.m2\repository\org\reactivestreams\reactive-streams\1.0.2\reactive-streams-1.0.2.jar;"/>
    <property name="java.vm.vendor" value="Oracle Corporation"/>
    <property name="sun.arch.data.model" value="64"/>
    <property name="user.variant" value=""/>
    <property name="java.vendor.url" value="http://java.oracle.com/"/>
    <property name="user.timezone" value=""/>
    <property name="java.vm.specification.version" value="1.8"/>
    <property name="os.name" value="Windows 10"/>
    <property name="sun.java.launcher" value="SUN_STANDARD"/>
    <property name="user.country" value="ZA"/>
    <property name="sun.boot.library.path" value="C:\Program Files\Java\jdk1.8.0_131\jre\bin"/>
    <property name="sun.java.command" value="C:\Users\GERSHO~1.MAL\AppData\Local\Temp\surefire1613230982689486027\surefirebooter465144343634575688.jar C:\Users\gershom.maluleke\AppData\Local\Temp\surefire1613230982689486027 2018-12-13T09-35-22_908-jvmRun1 surefire1135446335414549375tmp surefire_08992097214245463505tmp"/>
    <property name="surefire.test.class.path" value="F:\school-management-system\target\test-classes;F:\school-management-system\target\classes;C:\Users\gershom.maluleke\.m2\repository\junit\junit\4.12\junit-4.12.jar;C:\Users\gershom.maluleke\.m2\repository\org\hamcrest\hamcrest-core\1.3\hamcrest-core-1.3.jar;C:\Users\gershom.maluleke\.m2\repository\org\primefaces\primefaces\6.2\primefaces-6.2.jar;C:\Users\gershom.maluleke\.m2\repository\org\primefaces\themes\all-themes\1.0.10\all-themes-1.0.10.jar;C:\Users\gershom.maluleke\.m2\repository\com\sun\faces\jsf-api\2.2.18\jsf-api-2.2.18.jar;C:\Users\gershom.maluleke\.m2\repository\com\sun\faces\jsf-impl\2.2.18\jsf-impl-2.2.18.jar;C:\Users\gershom.maluleke\.m2\repository\javax\servlet\javax.servlet-api\3.1.0\javax.servlet-api-3.1.0.jar;C:\Users\gershom.maluleke\.m2\repository\org\springframework\spring-beans\5.0.8.RELEASE\spring-beans-5.0.8.RELEASE.jar;C:\Users\gershom.maluleke\.m2\repository\org\springframework\spring-core\5.0.8.RELEASE\spring-core-5.0.8.RELEASE.jar;C:\Users\gershom.maluleke\.m2\repository\org\springframework\spring-jcl\5.0.8.RELEASE\spring-jcl-5.0.8.RELEASE.jar;C:\Users\gershom.maluleke\.m2\repository\org\springframework\spring-web\5.0.8.RELEASE\spring-web-5.0.8.RELEASE.jar;C:\Users\gershom.maluleke\.m2\repository\org\springframework\spring-orm\5.0.8.RELEASE\spring-orm-5.0.8.RELEASE.jar;C:\Users\gershom.maluleke\.m2\repository\org\springframework\spring-jdbc\5.0.8.RELEASE\spring-jdbc-5.0.8.RELEASE.jar;C:\Users\gershom.maluleke\.m2\repository\org\springframework\spring-tx\5.0.8.RELEASE\spring-tx-5.0.8.RELEASE.jar;C:\Users\gershom.maluleke\.m2\repository\org\springframework\spring-test\5.0.8.RELEASE\spring-test-5.0.8.RELEASE.jar;C:\Users\gershom.maluleke\.m2\repository\org\springframework\spring-context\5.0.8.RELEASE\spring-context-5.0.8.RELEASE.jar;C:\Users\gershom.maluleke\.m2\repository\org\springframework\spring-aop\5.0.8.RELEASE\spring-aop-5.0.8.RELEASE.jar;C:\Users\gershom.maluleke\.m2\repository\org\springframework\spring-expression\5.0.8.RELEASE\spring-expression-5.0.8.RELEASE.jar;C:\Users\gershom.maluleke\.m2\repository\org\springframework\spring-webmvc\5.0.8.RELEASE\spring-webmvc-5.0.8.RELEASE.jar;C:\Users\gershom.maluleke\.m2\repository\com\fasterxml\jackson\core\jackson-databind\2.9.7\jackson-databind-2.9.7.jar;C:\Users\gershom.maluleke\.m2\repository\com\fasterxml\jackson\core\jackson-annotations\2.9.0\jackson-annotations-2.9.0.jar;C:\Users\gershom.maluleke\.m2\repository\com\fasterxml\jackson\core\jackson-core\2.9.7\jackson-core-2.9.7.jar;C:\Users\gershom.maluleke\.m2\repository\org\hibernate\hibernate-core\5.0.7.Final\hibernate-core-5.0.7.Final.jar;C:\Users\gershom.maluleke\.m2\repository\org\jboss\logging\jboss-logging\3.3.0.Final\jboss-logging-3.3.0.Final.jar;C:\Users\gershom.maluleke\.m2\repository\org\hibernate\javax\persistence\hibernate-jpa-2.1-api\1.0.0.Final\hibernate-jpa-2.1-api-1.0.0.Final.jar;C:\Users\gershom.maluleke\.m2\repository\org\javassist\javassist\3.18.1-GA\javassist-3.18.1-GA.jar;C:\Users\gershom.maluleke\.m2\repository\antlr\antlr\2.7.7\antlr-2.7.7.jar;C:\Users\gershom.maluleke\.m2\repository\org\apache\geronimo\specs\geronimo-jta_1.1_spec\1.1.1\geronimo-jta_1.1_spec-1.1.1.jar;C:\Users\gershom.maluleke\.m2\repository\org\jboss\jandex\2.0.0.Final\jandex-2.0.0.Final.jar;C:\Users\gershom.maluleke\.m2\repository\dom4j\dom4j\1.6.1\dom4j-1.6.1.jar;C:\Users\gershom.maluleke\.m2\repository\xml-apis\xml-apis\1.0.b2\xml-apis-1.0.b2.jar;C:\Users\gershom.maluleke\.m2\repository\org\hibernate\common\hibernate-commons-annotations\5.0.1.Final\hibernate-commons-annotations-5.0.1.Final.jar;C:\Users\gershom.maluleke\.m2\repository\org\postgresql\postgresql\42.1.2\postgresql-42.1.2.jar;C:\Users\gershom.maluleke\.m2\repository\commons-dbcp\commons-dbcp\1.4\commons-dbcp-1.4.jar;C:\Users\gershom.maluleke\.m2\repository\commons-pool\commons-pool\1.5.4\commons-pool-1.5.4.jar;C:\Users\gershom.maluleke\.m2\repository\commons-io\commons-io\2.4\commons-io-2.4.jar;C:\Users\gershom.maluleke\.m2\repository\commons-fileupload\commons-fileupload\1.3.1\commons-fileupload-1.3.1.jar;C:\Users\gershom.maluleke\.m2\repository\net\bootsfaces\bootsfaces\1.3.0\bootsfaces-1.3.0.jar;C:\Users\gershom.maluleke\.m2\repository\org\apache\commons\commons-lang3\3.0\commons-lang3-3.0.jar;C:\Users\gershom.maluleke\.m2\repository\com\zaxxer\HikariCP\3.2.0\HikariCP-3.2.0.jar;C:\Users\gershom.maluleke\.m2\repository\org\slf4j\slf4j-api\1.7.25\slf4j-api-1.7.25.jar;C:\Users\gershom.maluleke\.m2\repository\org\reactivestreams\reactive-streams\1.0.2\reactive-streams-1.0.2.jar;"/>
    <property name="sun.cpu.endian" value="little"/>
    <property name="user.home" value="C:\Users\gershom.maluleke"/>
    <property name="user.language" value="en"/>
    <property name="java.specification.vendor" value="Oracle Corporation"/>
    <property name="java.home" value="C:\Program Files\Java\jdk1.8.0_131\jre"/>
    <property name="basedir" value="F:\school-management-system"/>
    <property name="file.separator" value="\"/>
    <property name="line.separator" value="&#10;"/>
    <property name="java.vm.specification.vendor" value="Oracle Corporation"/>
    <property name="java.specification.name" value="Java Platform API Specification"/>
    <property name="java.awt.graphicsenv" value="sun.awt.Win32GraphicsEnvironment"/>
    <property name="surefire.real.class.path" value="C:\Users\GERSHO~1.MAL\AppData\Local\Temp\surefire1613230982689486027\surefirebooter465144343634575688.jar"/>
    <property name="sun.boot.class.path" value="C:\Program Files\Java\jdk1.8.0_131\jre\lib\resources.jar;C:\Program Files\Java\jdk1.8.0_131\jre\lib\rt.jar;C:\Program Files\Java\jdk1.8.0_131\jre\lib\sunrsasign.jar;C:\Program Files\Java\jdk1.8.0_131\jre\lib\jsse.jar;C:\Program Files\Java\jdk1.8.0_131\jre\lib\jce.jar;C:\Program Files\Java\jdk1.8.0_131\jre\lib\charsets.jar;C:\Program Files\Java\jdk1.8.0_131\jre\lib\jfr.jar;C:\Program Files\Java\jdk1.8.0_131\jre\classes"/>
    <property name="user.script" value=""/>
    <property name="sun.management.compiler" value="HotSpot 64-Bit Tiered Compilers"/>
    <property name="java.runtime.version" value="1.8.0_131-b11"/>
    <property name="user.name" value="Gershom.Maluleke"/>
    <property name="path.separator" value=";"/>
    <property name="os.version" value="10.0"/>
    <property name="java.endorsed.dirs" value="C:\Program Files\Java\jdk1.8.0_131\jre\lib\endorsed"/>
    <property name="java.runtime.name" value="Java(TM) SE Runtime Environment"/>
    <property name="file.encoding" value="UTF-8"/>
    <property name="java.vm.name" value="Java HotSpot(TM) 64-Bit Server VM"/>
    <property name="maven.ext.class.path" value="C:\Program Files\NetBeans 8.2\java\maven-nblib\netbeans-eventspy.jar"/>
    <property name="localRepository" value="C:\Users\gershom.maluleke\.m2\repository"/>
    <property name="java.vendor.url.bug" value="http://bugreport.sun.com/bugreport/"/>
    <property name="java.io.tmpdir" value="C:\Users\GERSHO~1.MAL\AppData\Local\Temp\"/>
    <property name="java.version" value="1.8.0_131"/>
    <property name="user.dir" value="F:\school-management-system"/>
    <property name="os.arch" value="amd64"/>
    <property name="java.vm.specification.name" value="Java Virtual Machine Specification"/>
    <property name="java.awt.printerjob" value="sun.awt.windows.WPrinterJob"/>
    <property name="sun.os.patch.level" value=""/>
    <property name="java.library.path" value="C:\Program Files\Java\jdk1.8.0_131\jre\bin;C:\WINDOWS\Sun\Java\bin;C:\WINDOWS\system32;C:\WINDOWS;C:\Program Files\Microsoft MPI\Bin\;C:\Program Files (x86)\NuGet\;C:\ProgramData\Oracle\Java\javapath;C:\MinGW\bin;C:\swdtools\ipl\cantpp\bin;C:\swdtools\cvs;C:\swdtools\diab\4.3g\win32\bin;C:\WINDOWS\system32;C:\WINDOWS;C:\WINDOWS\System32\Wbem;C:\Perl\bin;C:\Perl\site\bin;C:\WINDOWS\System32\WindowsPowerShell\v1.0\;C:\Program Files\Microsoft SQL Server\130\Tools\Binn\;C:\ProgramData\chocolatey\bin;C:\Program Files\dotnet\;C:\Program Files\nodejs\;C:\PROGRA~2\cvsnt;C:\Program Files (x86)\GtkSharp\2.12\bin;C:\Program Files\Git\cmd;C:\WINDOWS\System32\OpenSSH\;C:\Users\gershom.maluleke\AppData\Local\Microsoft\WindowsApps;;."/>
    <property name="java.vm.info" value="mixed mode"/>
    <property name="java.vendor" value="Oracle Corporation"/>
    <property name="java.vm.version" value="25.131-b11"/>
    <property name="java.ext.dirs" value="C:\Program Files\Java\jdk1.8.0_131\jre\lib\ext;C:\WINDOWS\Sun\Java\lib\ext"/>
    <property name="sun.io.unicode.encoding" value="UnicodeLittle"/>
    <property name="java.class.version" value="52.0"/>
  </properties>
  <testcase name="testPersistSchool" classname="net.sms.test.SchooManagementSystemlTests" time="0.185">
    <error message="could not execute statement; SQL [n/a]; constraint [uk_82lir78ofmgwol3h9b43bmtfw]; nested exception is org.hibernate.exception.ConstraintViolationException: could not execute statement" type="org.springframework.dao.DataIntegrityViolationException">org.springframework.dao.DataIntegrityViolationException: could not execute statement; SQL [n/a]; constraint [uk_82lir78ofmgwol3h9b43bmtfw]; nested exception is org.hibernate.exception.ConstraintViolationException: could not execute statement
	at net.sms.test.SchooManagementSystemlTests.testPersistSchool(SchooManagementSystemlTests.java:217)
Caused by: org.hibernate.exception.ConstraintViolationException: could not execute statement
	at net.sms.test.SchooManagementSystemlTests.testPersistSchool(SchooManagementSystemlTests.java:217)
Caused by: org.postgresql.util.PSQLException: 
ERROR: duplicate key value violates unique constraint "uk_82lir78ofmgwol3h9b43bmtfw"
  Detail: Key (subjects_id)=(6) already exists.
	at net.sms.test.SchooManagementSystemlTests.testPersistSchool(SchooManagementSystemlTests.java:217)
</error>
    <system-out><![CDATA[Hibernate: alter table classroom_course drop constraint FKwdbiygt9y9eoyrdyq5xhap9i
Hibernate: alter table classroom_course drop constraint FK8u32l09k28551b3jool110fwt
Hibernate: alter table classroom_student drop constraint FKq4iyuccnsq7x2ekydh4hk5s71
Hibernate: alter table classroom_student drop constraint FK8j2am09va4y2uahm24ljqxl9k
Hibernate: alter table classroom_teacher drop constraint FKbmhp37dybuaniwrsa3k0x7fmr
Hibernate: alter table classroom_teacher drop constraint FKqs6e1cbyo9183wbn16i5ss7e9
Hibernate: alter table school_classroom drop constraint FK8dn7gqgre5dtcp7qlccbo1a7r
Hibernate: alter table school_classroom drop constraint FKlcn195kg35s1dkmy0513eqkad
Hibernate: alter table school_student drop constraint FK1aeyd1597p7v7l2wh5shrv9va
Hibernate: alter table school_student drop constraint FKsq8dm3y2k761g81a7iy04b1f3
Hibernate: alter table school_teacher drop constraint FKnnjie40tjmr2ov4eeitx2v4t5
Hibernate: alter table school_teacher drop constraint FKh6sirtv7te7bqeaweuqklxjii
Hibernate: alter table teacher_course drop constraint FKivg3vxgf59ldpvges6bj0jl5d
Hibernate: alter table teacher_course drop constraint FKn37411qi668fwfll5nhxw2pik
Hibernate: drop table if exists classroom cascade
Hibernate: drop table if exists classroom_course cascade
Hibernate: drop table if exists classroom_student cascade
Hibernate: drop table if exists classroom_teacher cascade
Hibernate: drop table if exists course cascade
Hibernate: drop table if exists school cascade
Hibernate: drop table if exists school_classroom cascade
Hibernate: drop table if exists school_student cascade
Hibernate: drop table if exists school_teacher cascade
Hibernate: drop table if exists student cascade
Hibernate: drop table if exists teacher cascade
Hibernate: drop table if exists teacher_course cascade
Hibernate: drop sequence hibernate_sequence
Hibernate: create sequence hibernate_sequence start 1 increment 1
Hibernate: create table classroom (id int8 not null, created_by varchar(255) not null, created_date timestamp, updated_by varchar(255), updated_date timestamp, class_room_number varchar(255) not null, number_of_students int4 not null, primary key (id))
Hibernate: create table classroom_course (Classroom_id int8 not null, subjects_id int8 not null)
Hibernate: create table classroom_student (Classroom_id int8 not null, students_id int8 not null)
Hibernate: create table classroom_teacher (Classroom_id int8 not null, teachers_id int8 not null)
Hibernate: create table course (id int8 not null, created_by varchar(255) not null, created_date timestamp, updated_by varchar(255), updated_date timestamp, abbreviation varchar(255) not null, description varchar(255) not null, hours_per_week int4 not null, name_of_subject varchar(255) not null, primary key (id))
Hibernate: create table school (id int8 not null, created_by varchar(255) not null, created_date timestamp, updated_by varchar(255), updated_date timestamp, address varchar(255) not null, contact_number varchar(255) not null, name varchar(255) not null, website varchar(255), primary key (id))
Hibernate: create table school_classroom (School_id int8 not null, classrooms_id int8 not null)
Hibernate: create table school_student (School_id int8 not null, students_id int8 not null)
Hibernate: create table school_teacher (School_id int8 not null, teachers_id int8 not null)
Hibernate: create table student (id int8 not null, created_by varchar(255) not null, created_date timestamp, updated_by varchar(255), updated_date timestamp, address varchar(255) not null, date_of_birth timestamp not null, email varchar(255), gender varchar(255) not null, mobile_number varchar(255), mother_tongue varchar(255) not null, name varchar(255) not null, nationality varchar(255) not null, surname varchar(255) not null, year_mark float8 not null, primary key (id))
Hibernate: create table teacher (id int8 not null, created_by varchar(255) not null, created_date timestamp, updated_by varchar(255), updated_date timestamp, address varchar(255) not null, contactNumber varchar(255) not null, name varchar(255) not null, qualification varchar(255) not null, salary float8 not null, teacher_id varchar(255) not null, years_of_experience varchar(255) not null, primary key (id))
Hibernate: create table teacher_course (Teacher_id int8 not null, subjects_id int8 not null)
Hibernate: alter table classroom_course add constraint UK_82lir78ofmgwol3h9b43bmtfw unique (subjects_id)
Hibernate: alter table classroom_student add constraint UK_gpj5ul3vnetu6i6turj5b66e4 unique (students_id)
Hibernate: alter table classroom_teacher add constraint UK_h676rpwbgfyst74vebwtdau27 unique (teachers_id)
Hibernate: alter table school_classroom add constraint UK_1pra420h2tmdy4mctbjl1et1b unique (classrooms_id)
Hibernate: alter table school_student add constraint UK_ax0vx327kmsc46pla43rdm94m unique (students_id)
Hibernate: alter table school_teacher add constraint UK_fw2pfe8h9e51xi1mdmslprvpw unique (teachers_id)
Hibernate: alter table teacher_course add constraint UK_bsouswrq1r4twimpxuwjem5uc unique (subjects_id)
Hibernate: alter table classroom_course add constraint FKwdbiygt9y9eoyrdyq5xhap9i foreign key (subjects_id) references course
Hibernate: alter table classroom_course add constraint FK8u32l09k28551b3jool110fwt foreign key (Classroom_id) references classroom
Hibernate: alter table classroom_student add constraint FKq4iyuccnsq7x2ekydh4hk5s71 foreign key (students_id) references student
Hibernate: alter table classroom_student add constraint FK8j2am09va4y2uahm24ljqxl9k foreign key (Classroom_id) references classroom
Hibernate: alter table classroom_teacher add constraint FKbmhp37dybuaniwrsa3k0x7fmr foreign key (teachers_id) references teacher
Hibernate: alter table classroom_teacher add constraint FKqs6e1cbyo9183wbn16i5ss7e9 foreign key (Classroom_id) references classroom
Hibernate: alter table school_classroom add constraint FK8dn7gqgre5dtcp7qlccbo1a7r foreign key (classrooms_id) references classroom
Hibernate: alter table school_classroom add constraint FKlcn195kg35s1dkmy0513eqkad foreign key (School_id) references school
Hibernate: alter table school_student add constraint FK1aeyd1597p7v7l2wh5shrv9va foreign key (students_id) references student
Hibernate: alter table school_student add constraint FKsq8dm3y2k761g81a7iy04b1f3 foreign key (School_id) references school
Hibernate: alter table school_teacher add constraint FKnnjie40tjmr2ov4eeitx2v4t5 foreign key (teachers_id) references teacher
Hibernate: alter table school_teacher add constraint FKh6sirtv7te7bqeaweuqklxjii foreign key (School_id) references school
Hibernate: alter table teacher_course add constraint FKivg3vxgf59ldpvges6bj0jl5d foreign key (subjects_id) references course
Hibernate: alter table teacher_course add constraint FKn37411qi668fwfll5nhxw2pik foreign key (Teacher_id) references teacher
Hibernate: select nextval ('hibernate_sequence')
Hibernate: select nextval ('hibernate_sequence')
Hibernate: select nextval ('hibernate_sequence')
Hibernate: select nextval ('hibernate_sequence')
Hibernate: select nextval ('hibernate_sequence')
Hibernate: select nextval ('hibernate_sequence')
Hibernate: select nextval ('hibernate_sequence')
Hibernate: select nextval ('hibernate_sequence')
Hibernate: select nextval ('hibernate_sequence')
Hibernate: select nextval ('hibernate_sequence')
Hibernate: insert into school (created_by, created_date, updated_by, updated_date, address, contact_number, name, website, id) values (?, ?, ?, ?, ?, ?, ?, ?, ?)
Hibernate: insert into classroom (created_by, created_date, updated_by, updated_date, class_room_number, number_of_students, id) values (?, ?, ?, ?, ?, ?, ?)
Hibernate: insert into student (created_by, created_date, updated_by, updated_date, address, date_of_birth, email, gender, mobile_number, mother_tongue, name, nationality, surname, year_mark, id) values (?, ?, ?, ?, ?, ?, ?, ?, ?, ?, ?, ?, ?, ?, ?)
Hibernate: insert into student (created_by, created_date, updated_by, updated_date, address, date_of_birth, email, gender, mobile_number, mother_tongue, name, nationality, surname, year_mark, id) values (?, ?, ?, ?, ?, ?, ?, ?, ?, ?, ?, ?, ?, ?, ?)
Hibernate: insert into student (created_by, created_date, updated_by, updated_date, address, date_of_birth, email, gender, mobile_number, mother_tongue, name, nationality, surname, year_mark, id) values (?, ?, ?, ?, ?, ?, ?, ?, ?, ?, ?, ?, ?, ?, ?)
Hibernate: insert into course (created_by, created_date, updated_by, updated_date, abbreviation, description, hours_per_week, name_of_subject, id) values (?, ?, ?, ?, ?, ?, ?, ?, ?)
Hibernate: insert into teacher (created_by, created_date, updated_by, updated_date, address, contactNumber, name, qualification, salary, teacher_id, years_of_experience, id) values (?, ?, ?, ?, ?, ?, ?, ?, ?, ?, ?, ?)
Hibernate: insert into teacher (created_by, created_date, updated_by, updated_date, address, contactNumber, name, qualification, salary, teacher_id, years_of_experience, id) values (?, ?, ?, ?, ?, ?, ?, ?, ?, ?, ?, ?)
Hibernate: insert into classroom (created_by, created_date, updated_by, updated_date, class_room_number, number_of_students, id) values (?, ?, ?, ?, ?, ?, ?)
Hibernate: insert into student (created_by, created_date, updated_by, updated_date, address, date_of_birth, email, gender, mobile_number, mother_tongue, name, nationality, surname, year_mark, id) values (?, ?, ?, ?, ?, ?, ?, ?, ?, ?, ?, ?, ?, ?, ?)
Hibernate: insert into school_classroom (School_id, classrooms_id) values (?, ?)
Hibernate: insert into school_classroom (School_id, classrooms_id) values (?, ?)
Hibernate: insert into school_student (School_id, students_id) values (?, ?)
Hibernate: insert into school_student (School_id, students_id) values (?, ?)
Hibernate: insert into school_student (School_id, students_id) values (?, ?)
Hibernate: insert into school_teacher (School_id, teachers_id) values (?, ?)
Hibernate: insert into school_teacher (School_id, teachers_id) values (?, ?)
Hibernate: insert into classroom_student (Classroom_id, students_id) values (?, ?)
Hibernate: insert into classroom_student (Classroom_id, students_id) values (?, ?)
Hibernate: insert into classroom_student (Classroom_id, students_id) values (?, ?)
Hibernate: insert into classroom_course (Classroom_id, subjects_id) values (?, ?)
Hibernate: insert into classroom_teacher (Classroom_id, teachers_id) values (?, ?)
Hibernate: insert into classroom_teacher (Classroom_id, teachers_id) values (?, ?)
Hibernate: insert into classroom_student (Classroom_id, students_id) values (?, ?)
Hibernate: insert into classroom_course (Classroom_id, subjects_id) values (?, ?)
]]></system-out>
    <system-err><![CDATA[SLF4J: Failed to load class "org.slf4j.impl.StaticLoggerBinder".
SLF4J: Defaulting to no-operation (NOP) logger implementation
SLF4J: See http://www.slf4j.org/codes.html#StaticLoggerBinder for further details.
Dec 13, 2018 9:35:25 AM java.util.prefs.WindowsPreferences <init>
WARNING: Could not open/create prefs root node Software\JavaSoft\Prefs at root 0x80000002. Windows RegCreateKeyEx(...) returned error code 5.
Dec 13, 2018 9:35:25 AM java.util.prefs.WindowsPreferences WindowsRegOpenKey1
WARNING: Trying to recreate Windows registry node Software\JavaSoft\Prefs at root 0x80000002.
Dec 13, 2018 9:35:25 AM java.util.prefs.WindowsPreferences openKey
WARNING: Could not open windows registry node Software\JavaSoft\Prefs at root 0x80000002. Windows RegOpenKey(...) returned error code 2.
Dec 13, 2018 9:35:25 AM java.util.prefs.WindowsPreferences WindowsRegOpenKey1
WARNING: Trying to recreate Windows registry node Software\JavaSoft\Prefs at root 0x80000002.
Dec 13, 2018 9:35:25 AM java.util.prefs.WindowsPreferences openKey
WARNING: Could not open windows registry node Software\JavaSoft\Prefs at root 0x80000002. Windows RegOpenKey(...) returned error code 2.
Dec 13, 2018 9:35:25 AM java.util.prefs.WindowsPreferences WindowsRegOpenKey1
WARNING: Trying to recreate Windows registry node Software\JavaSoft\Prefs at root 0x80000002.
Dec 13, 2018 9:35:25 AM java.util.prefs.WindowsPreferences openKey
WARNING: Could not open windows registry node Software\JavaSoft\Prefs at root 0x80000002. Windows RegOpenKey(...) returned error code 2.
Dec 13, 2018 9:35:25 AM java.util.prefs.WindowsPreferences WindowsRegOpenKey1
WARNING: Trying to recreate Windows registry node Software\JavaSoft\Prefs at root 0x80000002.
Dec 13, 2018 9:35:25 AM java.util.prefs.WindowsPreferences openKey
WARNING: Could not open windows registry node Software\JavaSoft\Prefs at root 0x80000002. Windows RegOpenKey(...) returned error code 2.
Dec 13, 2018 9:35:25 AM org.hibernate.Version logVersion
INFO: HHH000412: Hibernate Core {5.0.7.Final}
Dec 13, 2018 9:35:25 AM org.hibernate.cfg.Environment <clinit>
INFO: HHH000206: hibernate.properties not found
Dec 13, 2018 9:35:25 AM org.hibernate.cfg.Environment buildBytecodeProvider
INFO: HHH000021: Bytecode provider name : javassist
Dec 13, 2018 9:35:25 AM org.hibernate.annotations.common.reflection.java.JavaReflectionManager <clinit>
INFO: HCANN000001: Hibernate Commons Annotations {5.0.1.Final}
Dec 13, 2018 9:35:26 AM org.hibernate.dialect.Dialect <init>
INFO: HHH000400: Using dialect: org.hibernate.dialect.PostgreSQLDialect
Dec 13, 2018 9:35:26 AM org.hibernate.engine.jdbc.env.internal.LobCreatorBuilderImpl useContextualLobCreation
INFO: HHH000424: Disabling contextual LOB creation as createClob() method threw error : java.lang.reflect.InvocationTargetException
Dec 13, 2018 9:35:26 AM org.hibernate.type.BasicTypeRegistry register
INFO: HHH000270: Type registration [java.util.UUID] overrides previous : org.hibernate.type.UUIDBinaryType@43aaf813
Dec 13, 2018 9:35:27 AM org.hibernate.tool.hbm2ddl.SchemaExport execute
INFO: HHH000227: Running hbm2ddl schema export
Dec 13, 2018 9:35:27 AM org.hibernate.tool.hbm2ddl.SchemaExport perform
ERROR: HHH000389: Unsuccessful: alter table classroom_course drop constraint FKwdbiygt9y9eoyrdyq5xhap9i
Dec 13, 2018 9:35:27 AM org.hibernate.tool.hbm2ddl.SchemaExport perform
ERROR: ERROR: relation "classroom_course" does not exist
Dec 13, 2018 9:35:27 AM org.hibernate.tool.hbm2ddl.SchemaExport perform
ERROR: HHH000389: Unsuccessful: alter table classroom_course drop constraint FK8u32l09k28551b3jool110fwt
Dec 13, 2018 9:35:27 AM org.hibernate.tool.hbm2ddl.SchemaExport perform
ERROR: ERROR: relation "classroom_course" does not exist
Dec 13, 2018 9:35:27 AM org.hibernate.tool.hbm2ddl.SchemaExport perform
ERROR: HHH000389: Unsuccessful: alter table classroom_student drop constraint FKq4iyuccnsq7x2ekydh4hk5s71
Dec 13, 2018 9:35:27 AM org.hibernate.tool.hbm2ddl.SchemaExport perform
ERROR: ERROR: relation "classroom_student" does not exist
Dec 13, 2018 9:35:27 AM org.hibernate.tool.hbm2ddl.SchemaExport perform
ERROR: HHH000389: Unsuccessful: alter table classroom_student drop constraint FK8j2am09va4y2uahm24ljqxl9k
Dec 13, 2018 9:35:27 AM org.hibernate.tool.hbm2ddl.SchemaExport perform
ERROR: ERROR: relation "classroom_student" does not exist
Dec 13, 2018 9:35:27 AM org.hibernate.tool.hbm2ddl.SchemaExport perform
ERROR: HHH000389: Unsuccessful: alter table classroom_teacher drop constraint FKbmhp37dybuaniwrsa3k0x7fmr
Dec 13, 2018 9:35:27 AM org.hibernate.tool.hbm2ddl.SchemaExport perform
ERROR: ERROR: relation "classroom_teacher" does not exist
Dec 13, 2018 9:35:27 AM org.hibernate.tool.hbm2ddl.SchemaExport perform
ERROR: HHH000389: Unsuccessful: alter table classroom_teacher drop constraint FKqs6e1cbyo9183wbn16i5ss7e9
Dec 13, 2018 9:35:27 AM org.hibernate.tool.hbm2ddl.SchemaExport perform
ERROR: ERROR: relation "classroom_teacher" does not exist
Dec 13, 2018 9:35:27 AM org.hibernate.tool.hbm2ddl.SchemaExport perform
ERROR: HHH000389: Unsuccessful: alter table school_classroom drop constraint FK8dn7gqgre5dtcp7qlccbo1a7r
Dec 13, 2018 9:35:27 AM org.hibernate.tool.hbm2ddl.SchemaExport perform
ERROR: ERROR: relation "school_classroom" does not exist
Dec 13, 2018 9:35:27 AM org.hibernate.tool.hbm2ddl.SchemaExport perform
ERROR: HHH000389: Unsuccessful: alter table school_classroom drop constraint FKlcn195kg35s1dkmy0513eqkad
Dec 13, 2018 9:35:27 AM org.hibernate.tool.hbm2ddl.SchemaExport perform
ERROR: ERROR: relation "school_classroom" does not exist
Dec 13, 2018 9:35:27 AM org.hibernate.tool.hbm2ddl.SchemaExport perform
ERROR: HHH000389: Unsuccessful: alter table school_student drop constraint FK1aeyd1597p7v7l2wh5shrv9va
Dec 13, 2018 9:35:27 AM org.hibernate.tool.hbm2ddl.SchemaExport perform
ERROR: ERROR: relation "school_student" does not exist
Dec 13, 2018 9:35:27 AM org.hibernate.tool.hbm2ddl.SchemaExport perform
ERROR: HHH000389: Unsuccessful: alter table school_student drop constraint FKsq8dm3y2k761g81a7iy04b1f3
Dec 13, 2018 9:35:27 AM org.hibernate.tool.hbm2ddl.SchemaExport perform
ERROR: ERROR: relation "school_student" does not exist
Dec 13, 2018 9:35:27 AM org.hibernate.tool.hbm2ddl.SchemaExport perform
ERROR: HHH000389: Unsuccessful: alter table school_teacher drop constraint FKnnjie40tjmr2ov4eeitx2v4t5
Dec 13, 2018 9:35:27 AM org.hibernate.tool.hbm2ddl.SchemaExport perform
ERROR: ERROR: relation "school_teacher" does not exist
Dec 13, 2018 9:35:27 AM org.hibernate.tool.hbm2ddl.SchemaExport perform
ERROR: HHH000389: Unsuccessful: alter table school_teacher drop constraint FKh6sirtv7te7bqeaweuqklxjii
Dec 13, 2018 9:35:27 AM org.hibernate.tool.hbm2ddl.SchemaExport perform
ERROR: ERROR: relation "school_teacher" does not exist
Dec 13, 2018 9:35:27 AM org.hibernate.tool.hbm2ddl.SchemaExport perform
ERROR: HHH000389: Unsuccessful: alter table teacher_course drop constraint FKivg3vxgf59ldpvges6bj0jl5d
Dec 13, 2018 9:35:27 AM org.hibernate.tool.hbm2ddl.SchemaExport perform
ERROR: ERROR: relation "teacher_course" does not exist
Dec 13, 2018 9:35:27 AM org.hibernate.tool.hbm2ddl.SchemaExport perform
ERROR: HHH000389: Unsuccessful: alter table teacher_course drop constraint FKn37411qi668fwfll5nhxw2pik
Dec 13, 2018 9:35:27 AM org.hibernate.tool.hbm2ddl.SchemaExport perform
ERROR: ERROR: relation "teacher_course" does not exist
Dec 13, 2018 9:35:27 AM org.hibernate.tool.hbm2ddl.SchemaExport perform
ERROR: HHH000389: Unsuccessful: drop sequence hibernate_sequence
Dec 13, 2018 9:35:27 AM org.hibernate.tool.hbm2ddl.SchemaExport perform
ERROR: ERROR: sequence "hibernate_sequence" does not exist
Dec 13, 2018 9:35:28 AM org.hibernate.tool.hbm2ddl.SchemaExport execute
INFO: HHH000230: Schema export complete
Dec 13, 2018 9:35:28 AM org.hibernate.engine.jdbc.spi.SqlExceptionHelper logExceptions
WARN: SQL Error: 0, SQLState: 23505
Dec 13, 2018 9:35:28 AM org.hibernate.engine.jdbc.spi.SqlExceptionHelper logExceptions
ERROR: ERROR: duplicate key value violates unique constraint "uk_82lir78ofmgwol3h9b43bmtfw"
  Detail: Key (subjects_id)=(6) already exists.
Dec 13, 2018 9:35:28 AM org.hibernate.engine.jdbc.batch.internal.AbstractBatchImpl release
INFO: HHH000010: On release of batch it still contained JDBC statements
Dec 13, 2018 9:35:28 AM org.hibernate.internal.SessionImpl$5 mapManagedFlushFailure
ERROR: HHH000346: Error during managed flush [could not execute statement]
]]></system-err>
  </testcase>
</testsuite>